{"C:\\Users\\ramad\\OneDrive\\Desktop\\unit-testing-2\\app.js": {"path":"C:\\Users\\ramad\\OneDrive\\Desktop\\unit-testing-2\\app.js","statementMap":{"0":{"start":{"line":1,"column":16},"end":{"line":1,"column":34}},"1":{"start":{"line":2,"column":12},"end":{"line":2,"column":21}},"2":{"start":{"line":3,"column":15},"end":{"line":3,"column":34}},"3":{"start":{"line":4,"column":13},"end":{"line":4,"column":17}},"4":{"start":{"line":5,"column":21},"end":{"line":5,"column":60}},"5":{"start":{"line":6,"column":0},"end":{"line":6,"column":26}},"6":{"start":{"line":8,"column":0},"end":{"line":8,"column":23}},"7":{"start":{"line":9,"column":0},"end":{"line":9,"column":48}},"8":{"start":{"line":11,"column":0},"end":{"line":11,"column":15}},"9":{"start":{"line":12,"column":0},"end":{"line":12,"column":21}},"10":{"start":{"line":14,"column":0},"end":{"line":14,"column":20}}},"fnMap":{},"branchMap":{},"s":{"0":1,"1":1,"2":1,"3":1,"4":1,"5":1,"6":1,"7":1,"8":1,"9":1,"10":1},"f":{},"b":{},"_coverageSchema":"1a1c01bbd47fc00a2c39e90264f33305004495a9","hash":"2b30bf0dae38719b863fce64dc7a1a55fc3bc356"}
,"C:\\Users\\ramad\\OneDrive\\Desktop\\unit-testing-2\\config\\config.js": {"path":"C:\\Users\\ramad\\OneDrive\\Desktop\\unit-testing-2\\config\\config.js","statementMap":{"0":{"start":{"line":1,"column":0},"end":{"line":1,"column":26}},"1":{"start":{"line":3,"column":15},"end":{"line":18,"column":1}},"2":{"start":{"line":20,"column":0},"end":{"line":20,"column":23}}},"fnMap":{},"branchMap":{},"s":{"0":1,"1":1,"2":1},"f":{},"b":{},"_coverageSchema":"1a1c01bbd47fc00a2c39e90264f33305004495a9","hash":"47ec4720e18e1f69ad5af9be84fa7eb5c1013ef6"}
,"C:\\Users\\ramad\\OneDrive\\Desktop\\unit-testing-2\\controller\\todo.js": {"path":"C:\\Users\\ramad\\OneDrive\\Desktop\\unit-testing-2\\controller\\todo.js","statementMap":{"0":{"start":{"line":1,"column":10},"end":{"line":1,"column":28}},"1":{"start":{"line":2,"column":17},"end":{"line":2,"column":37}},"2":{"start":{"line":3,"column":13},"end":{"line":3,"column":38}},"3":{"start":{"line":7,"column":8},"end":{"line":15,"column":9}},"4":{"start":{"line":8,"column":25},"end":{"line":8,"column":54}},"5":{"start":{"line":9,"column":16},"end":{"line":11,"column":17}},"6":{"start":{"line":10,"column":20},"end":{"line":10,"column":81}},"7":{"start":{"line":12,"column":12},"end":{"line":12,"column":60}},"8":{"start":{"line":14,"column":12},"end":{"line":14,"column":21}},"9":{"start":{"line":19,"column":8},"end":{"line":28,"column":9}},"10":{"start":{"line":20,"column":27},"end":{"line":20,"column":40}},"11":{"start":{"line":21,"column":25},"end":{"line":21,"column":66}},"12":{"start":{"line":22,"column":12},"end":{"line":24,"column":13}},"13":{"start":{"line":23,"column":16},"end":{"line":23,"column":65}},"14":{"start":{"line":25,"column":12},"end":{"line":25,"column":77}},"15":{"start":{"line":27,"column":12},"end":{"line":27,"column":21}},"16":{"start":{"line":32,"column":8},"end":{"line":44,"column":9}},"17":{"start":{"line":33,"column":41},"end":{"line":33,"column":49}},"18":{"start":{"line":35,"column":12},"end":{"line":37,"column":13}},"19":{"start":{"line":36,"column":16},"end":{"line":36,"column":88}},"20":{"start":{"line":39,"column":28},"end":{"line":39,"column":86}},"21":{"start":{"line":41,"column":12},"end":{"line":41,"column":71}},"22":{"start":{"line":43,"column":12},"end":{"line":43,"column":21}},"23":{"start":{"line":48,"column":8},"end":{"line":68,"column":9}},"24":{"start":{"line":49,"column":27},"end":{"line":49,"column":40}},"25":{"start":{"line":50,"column":29},"end":{"line":50,"column":37}},"26":{"start":{"line":52,"column":25},"end":{"line":52,"column":66}},"27":{"start":{"line":53,"column":12},"end":{"line":55,"column":13}},"28":{"start":{"line":54,"column":16},"end":{"line":54,"column":72}},"29":{"start":{"line":57,"column":12},"end":{"line":59,"column":13}},"30":{"start":{"line":58,"column":16},"end":{"line":58,"column":77}},"31":{"start":{"line":61,"column":12},"end":{"line":61,"column":63}},"32":{"start":{"line":63,"column":32},"end":{"line":63,"column":59}},"33":{"start":{"line":65,"column":12},"end":{"line":65,"column":97}},"34":{"start":{"line":67,"column":12},"end":{"line":67,"column":21}},"35":{"start":{"line":72,"column":8},"end":{"line":83,"column":9}},"36":{"start":{"line":73,"column":27},"end":{"line":73,"column":40}},"37":{"start":{"line":75,"column":25},"end":{"line":75,"column":66}},"38":{"start":{"line":76,"column":12},"end":{"line":78,"column":13}},"39":{"start":{"line":77,"column":16},"end":{"line":77,"column":72}},"40":{"start":{"line":79,"column":12},"end":{"line":79,"column":32}},"41":{"start":{"line":80,"column":12},"end":{"line":80,"column":82}},"42":{"start":{"line":82,"column":12},"end":{"line":82,"column":21}},"43":{"start":{"line":87,"column":0},"end":{"line":87,"column":31}}},"fnMap":{"0":{"name":"(anonymous_0)","decl":{"start":{"line":6,"column":4},"end":{"line":6,"column":5}},"loc":{"start":{"line":6,"column":48},"end":{"line":16,"column":5}},"line":6},"1":{"name":"(anonymous_1)","decl":{"start":{"line":18,"column":4},"end":{"line":18,"column":5}},"loc":{"start":{"line":18,"column":41},"end":{"line":29,"column":5}},"line":18},"2":{"name":"(anonymous_2)","decl":{"start":{"line":31,"column":4},"end":{"line":31,"column":5}},"loc":{"start":{"line":31,"column":41},"end":{"line":45,"column":5}},"line":31},"3":{"name":"(anonymous_3)","decl":{"start":{"line":47,"column":4},"end":{"line":47,"column":5}},"loc":{"start":{"line":47,"column":44},"end":{"line":69,"column":5}},"line":47},"4":{"name":"(anonymous_4)","decl":{"start":{"line":71,"column":4},"end":{"line":71,"column":5}},"loc":{"start":{"line":71,"column":43},"end":{"line":84,"column":5}},"line":71}},"branchMap":{"0":{"loc":{"start":{"line":9,"column":16},"end":{"line":11,"column":17}},"type":"if","locations":[{"start":{"line":9,"column":16},"end":{"line":11,"column":17}},{"start":{},"end":{}}],"line":9},"1":{"loc":{"start":{"line":22,"column":12},"end":{"line":24,"column":13}},"type":"if","locations":[{"start":{"line":22,"column":12},"end":{"line":24,"column":13}},{"start":{},"end":{}}],"line":22},"2":{"loc":{"start":{"line":35,"column":12},"end":{"line":37,"column":13}},"type":"if","locations":[{"start":{"line":35,"column":12},"end":{"line":37,"column":13}},{"start":{},"end":{}}],"line":35},"3":{"loc":{"start":{"line":35,"column":15},"end":{"line":35,"column":37}},"type":"binary-expr","locations":[{"start":{"line":35,"column":15},"end":{"line":35,"column":21}},{"start":{"line":35,"column":25},"end":{"line":35,"column":37}}],"line":35},"4":{"loc":{"start":{"line":53,"column":12},"end":{"line":55,"column":13}},"type":"if","locations":[{"start":{"line":53,"column":12},"end":{"line":55,"column":13}},{"start":{},"end":{}}],"line":53},"5":{"loc":{"start":{"line":57,"column":12},"end":{"line":59,"column":13}},"type":"if","locations":[{"start":{"line":57,"column":12},"end":{"line":59,"column":13}},{"start":{},"end":{}}],"line":57},"6":{"loc":{"start":{"line":76,"column":12},"end":{"line":78,"column":13}},"type":"if","locations":[{"start":{"line":76,"column":12},"end":{"line":78,"column":13}},{"start":{},"end":{}}],"line":76}},"s":{"0":1,"1":1,"2":1,"3":0,"4":0,"5":0,"6":0,"7":0,"8":0,"9":0,"10":0,"11":0,"12":0,"13":0,"14":0,"15":0,"16":0,"17":0,"18":0,"19":0,"20":0,"21":0,"22":0,"23":0,"24":0,"25":0,"26":0,"27":0,"28":0,"29":0,"30":0,"31":0,"32":0,"33":0,"34":0,"35":0,"36":0,"37":0,"38":0,"39":0,"40":0,"41":0,"42":0,"43":1},"f":{"0":0,"1":0,"2":0,"3":0,"4":0},"b":{"0":[0,0],"1":[0,0],"2":[0,0],"3":[0,0],"4":[0,0],"5":[0,0],"6":[0,0]},"_coverageSchema":"1a1c01bbd47fc00a2c39e90264f33305004495a9","hash":"3a794f88d729c5bd3a79ea5a8b998a1f630761eb"}
,"C:\\Users\\ramad\\OneDrive\\Desktop\\unit-testing-2\\middleware\\errorhandler.js": {"path":"C:\\Users\\ramad\\OneDrive\\Desktop\\unit-testing-2\\middleware\\errorhandler.js","statementMap":{"0":{"start":{"line":1,"column":21},"end":{"line":10,"column":1}},"1":{"start":{"line":2,"column":4},"end":{"line":2,"column":20}},"2":{"start":{"line":3,"column":4},"end":{"line":9,"column":5}},"3":{"start":{"line":4,"column":8},"end":{"line":4,"column":62}},"4":{"start":{"line":5,"column":11},"end":{"line":9,"column":5}},"5":{"start":{"line":6,"column":8},"end":{"line":6,"column":82}},"6":{"start":{"line":8,"column":8},"end":{"line":8,"column":66}},"7":{"start":{"line":12,"column":0},"end":{"line":12,"column":29}}},"fnMap":{"0":{"name":"(anonymous_0)","decl":{"start":{"line":1,"column":21},"end":{"line":1,"column":22}},"loc":{"start":{"line":1,"column":46},"end":{"line":10,"column":1}},"line":1}},"branchMap":{"0":{"loc":{"start":{"line":3,"column":4},"end":{"line":9,"column":5}},"type":"if","locations":[{"start":{"line":3,"column":4},"end":{"line":9,"column":5}},{"start":{"line":5,"column":11},"end":{"line":9,"column":5}}],"line":3},"1":{"loc":{"start":{"line":5,"column":11},"end":{"line":9,"column":5}},"type":"if","locations":[{"start":{"line":5,"column":11},"end":{"line":9,"column":5}},{"start":{"line":7,"column":11},"end":{"line":9,"column":5}}],"line":5}},"s":{"0":1,"1":0,"2":0,"3":0,"4":0,"5":0,"6":0,"7":1},"f":{"0":0},"b":{"0":[0,0],"1":[0,0]},"_coverageSchema":"1a1c01bbd47fc00a2c39e90264f33305004495a9","hash":"4e00ddd0e3d78ff683c72ed4a3461590f9bd58e8"}
,"C:\\Users\\ramad\\OneDrive\\Desktop\\unit-testing-2\\models\\index.js": {"path":"C:\\Users\\ramad\\OneDrive\\Desktop\\unit-testing-2\\models\\index.js","statementMap":{"0":{"start":{"line":3,"column":11},"end":{"line":3,"column":24}},"1":{"start":{"line":4,"column":13},"end":{"line":4,"column":28}},"2":{"start":{"line":5,"column":18},"end":{"line":5,"column":38}},"3":{"start":{"line":6,"column":16},"end":{"line":6,"column":34}},"4":{"start":{"line":7,"column":17},"end":{"line":7,"column":42}},"5":{"start":{"line":8,"column":12},"end":{"line":8,"column":49}},"6":{"start":{"line":9,"column":15},"end":{"line":9,"column":63}},"7":{"start":{"line":10,"column":11},"end":{"line":10,"column":13}},"8":{"start":{"line":13,"column":0},"end":{"line":17,"column":1}},"9":{"start":{"line":14,"column":2},"end":{"line":14,"column":74}},"10":{"start":{"line":16,"column":2},"end":{"line":16,"column":87}},"11":{"start":{"line":19,"column":0},"end":{"line":32,"column":5}},"12":{"start":{"line":22,"column":4},"end":{"line":27,"column":6}},"13":{"start":{"line":30,"column":18},"end":{"line":30,"column":85}},"14":{"start":{"line":31,"column":4},"end":{"line":31,"column":27}},"15":{"start":{"line":34,"column":0},"end":{"line":38,"column":3}},"16":{"start":{"line":35,"column":2},"end":{"line":37,"column":3}},"17":{"start":{"line":36,"column":4},"end":{"line":36,"column":32}},"18":{"start":{"line":40,"column":0},"end":{"line":40,"column":25}},"19":{"start":{"line":41,"column":0},"end":{"line":41,"column":25}},"20":{"start":{"line":43,"column":0},"end":{"line":48,"column":1}},"21":{"start":{"line":44,"column":2},"end":{"line":44,"column":27}},"22":{"start":{"line":45,"column":2},"end":{"line":45,"column":63}},"23":{"start":{"line":47,"column":2},"end":{"line":47,"column":61}},"24":{"start":{"line":50,"column":0},"end":{"line":50,"column":20}}},"fnMap":{"0":{"name":"(anonymous_0)","decl":{"start":{"line":21,"column":10},"end":{"line":21,"column":11}},"loc":{"start":{"line":21,"column":18},"end":{"line":28,"column":3}},"line":21},"1":{"name":"(anonymous_1)","decl":{"start":{"line":29,"column":11},"end":{"line":29,"column":12}},"loc":{"start":{"line":29,"column":19},"end":{"line":32,"column":3}},"line":29},"2":{"name":"(anonymous_2)","decl":{"start":{"line":34,"column":24},"end":{"line":34,"column":25}},"loc":{"start":{"line":34,"column":37},"end":{"line":38,"column":1}},"line":34}},"branchMap":{"0":{"loc":{"start":{"line":8,"column":12},"end":{"line":8,"column":49}},"type":"binary-expr","locations":[{"start":{"line":8,"column":12},"end":{"line":8,"column":32}},{"start":{"line":8,"column":36},"end":{"line":8,"column":49}}],"line":8},"1":{"loc":{"start":{"line":13,"column":0},"end":{"line":17,"column":1}},"type":"if","locations":[{"start":{"line":13,"column":0},"end":{"line":17,"column":1}},{"start":{"line":15,"column":7},"end":{"line":17,"column":1}}],"line":13},"2":{"loc":{"start":{"line":23,"column":6},"end":{"line":26,"column":37}},"type":"binary-expr","locations":[{"start":{"line":23,"column":6},"end":{"line":23,"column":29}},{"start":{"line":24,"column":6},"end":{"line":24,"column":23}},{"start":{"line":25,"column":6},"end":{"line":25,"column":30}},{"start":{"line":26,"column":6},"end":{"line":26,"column":37}}],"line":23},"3":{"loc":{"start":{"line":35,"column":2},"end":{"line":37,"column":3}},"type":"if","locations":[{"start":{"line":35,"column":2},"end":{"line":37,"column":3}},{"start":{},"end":{}}],"line":35}},"s":{"0":1,"1":1,"2":1,"3":1,"4":1,"5":1,"6":1,"7":1,"8":1,"9":0,"10":1,"11":1,"12":2,"13":1,"14":1,"15":1,"16":1,"17":1,"18":1,"19":1,"20":1,"21":1,"22":1,"23":0,"24":1},"f":{"0":2,"1":1,"2":1},"b":{"0":[1,0],"1":[0,1],"2":[2,2,1,1],"3":[1,0]},"_coverageSchema":"1a1c01bbd47fc00a2c39e90264f33305004495a9","hash":"616453a21552273300691873bba8e5ffc415f6c1"}
,"C:\\Users\\ramad\\OneDrive\\Desktop\\unit-testing-2\\models\\todo.js": {"path":"C:\\Users\\ramad\\OneDrive\\Desktop\\unit-testing-2\\models\\todo.js","statementMap":{"0":{"start":{"line":4,"column":4},"end":{"line":4,"column":24}},"1":{"start":{"line":5,"column":0},"end":{"line":25,"column":2}},"2":{"start":{"line":16,"column":2},"end":{"line":23,"column":5}},"3":{"start":{"line":24,"column":2},"end":{"line":24,"column":14}}},"fnMap":{"0":{"name":"(anonymous_0)","decl":{"start":{"line":5,"column":17},"end":{"line":5,"column":18}},"loc":{"start":{"line":5,"column":43},"end":{"line":25,"column":1}},"line":5},"1":{"name":"(anonymous_1)","decl":{"start":{"line":12,"column":4},"end":{"line":12,"column":5}},"loc":{"start":{"line":12,"column":29},"end":{"line":14,"column":5}},"line":12}},"branchMap":{},"s":{"0":1,"1":1,"2":1,"3":1},"f":{"0":1,"1":1},"b":{},"_coverageSchema":"1a1c01bbd47fc00a2c39e90264f33305004495a9","hash":"3a2a94b561a12ed41b88038b04a905521904af7c"}
,"C:\\Users\\ramad\\OneDrive\\Desktop\\unit-testing-2\\routes\\index.js": {"path":"C:\\Users\\ramad\\OneDrive\\Desktop\\unit-testing-2\\routes\\index.js","statementMap":{"0":{"start":{"line":1,"column":16},"end":{"line":1,"column":34}},"1":{"start":{"line":2,"column":14},"end":{"line":2,"column":41}},"2":{"start":{"line":3,"column":18},"end":{"line":3,"column":35}},"3":{"start":{"line":4,"column":13},"end":{"line":4,"column":28}},"4":{"start":{"line":6,"column":0},"end":{"line":6,"column":33}},"5":{"start":{"line":8,"column":0},"end":{"line":8,"column":22}}},"fnMap":{},"branchMap":{},"s":{"0":1,"1":1,"2":1,"3":1,"4":1,"5":1},"f":{},"b":{},"_coverageSchema":"1a1c01bbd47fc00a2c39e90264f33305004495a9","hash":"42d762f29a439536599a67ac38af83a2599b14ae"}
,"C:\\Users\\ramad\\OneDrive\\Desktop\\unit-testing-2\\routes\\todo.js": {"path":"C:\\Users\\ramad\\OneDrive\\Desktop\\unit-testing-2\\routes\\todo.js","statementMap":{"0":{"start":{"line":1,"column":16},"end":{"line":1,"column":34}},"1":{"start":{"line":2,"column":15},"end":{"line":2,"column":31}},"2":{"start":{"line":3,"column":19},"end":{"line":3,"column":48}},"3":{"start":{"line":5,"column":0},"end":{"line":5,"column":42}},"4":{"start":{"line":6,"column":0},"end":{"line":6,"column":39}},"5":{"start":{"line":7,"column":0},"end":{"line":7,"column":36}},"6":{"start":{"line":8,"column":0},"end":{"line":8,"column":41}},"7":{"start":{"line":9,"column":0},"end":{"line":9,"column":44}},"8":{"start":{"line":11,"column":0},"end":{"line":11,"column":23}}},"fnMap":{},"branchMap":{},"s":{"0":1,"1":1,"2":1,"3":1,"4":1,"5":1,"6":1,"7":1,"8":1},"f":{},"b":{},"_coverageSchema":"1a1c01bbd47fc00a2c39e90264f33305004495a9","hash":"4e878664439c255d10c1f236e9651d0aba318ace"}
}
